Build started 17/11/2016 10:46:56.
     1>Project "C:\Users\1E30\Documents\MTP\aula20161117\projet1\projet1\projet1.vcxproj" on node 2 (build target(s)).
     1>InitializeBuildStatus:
         Touching "Debug\projet1.unsuccessfulbuild".
       GenerateTargetFrameworkMonikerAttribute:
       Skipping target "GenerateTargetFrameworkMonikerAttribute" because all output files are up-to-date with respect to the input files.
       ClCompile:
         All outputs are up-to-date.
         C:\Program Files (x86)\Microsoft Visual Studio 10.0\VC\bin\CL.exe /c /AI"C:\Program Files (x86)\Reference Assemblies\Microsoft\Framework\.NETFramework\v4.0" /Zi /clr:pure /nologo /W3 /WX- /Od /Oy- /D WIN32 /D _DEBUG /D _UNICODE /D UNICODE /EHa /MDd /GS /fp:precise /Zc:wchar_t /Zc:forScope /Yu"StdAfx.h" /Fp"Debug\projet1.pch" /Fo"Debug\\" /Fd"Debug\vc100.pdb" /TP /FU"C:\Program Files (x86)\Reference Assemblies\Microsoft\Framework\.NETFramework\v4.0\System.Core.dll" /FU"C:\Program Files (x86)\Reference Assemblies\Microsoft\Framework\.NETFramework\v4.0\System.Data.dll" /FU"C:\Program Files (x86)\Reference Assemblies\Microsoft\Framework\.NETFramework\v4.0\System.dll" /FU"C:\Program Files (x86)\Reference Assemblies\Microsoft\Framework\.NETFramework\v4.0\System.Drawing.dll" /FU"C:\Program Files (x86)\Reference Assemblies\Microsoft\Framework\.NETFramework\v4.0\System.Windows.Forms.dll" /FU"C:\Program Files (x86)\Reference Assemblies\Microsoft\Framework\.NETFramework\v4.0\System.Xml.dll" /analyze- /errorReport:prompt projet1.cpp /clr:nostdlib 
         projet1.cpp
     1>c:\users\1e30\documents\mtp\aula20161117\projet1\projet1\Form1.h(163): error C2039: 'groupBox1_Enter' : is not a member of 'projet1::Form1'
                 c:\users\1e30\documents\mtp\aula20161117\projet1\projet1\Form1.h(15) : see declaration of 'projet1::Form1'
     1>c:\users\1e30\documents\mtp\aula20161117\projet1\projet1\Form1.h(163): error C2065: 'groupBox1_Enter' : undeclared identifier
     1>c:\users\1e30\documents\mtp\aula20161117\projet1\projet1\Form1.h(163): error C3350: 'System::EventHandler' : a delegate constructor expects 2 argument(s)
     1>Done Building Project "C:\Users\1E30\Documents\MTP\aula20161117\projet1\projet1\projet1.vcxproj" (build target(s)) -- FAILED.

Build FAILED.

Time Elapsed 00:00:00.21
